<?xml version="1.0" encoding="UTF-8"?>
<!-- Generated by org.testng.reporters.JUnitXMLReporter -->
<testsuite ignored="0" hostname="Jagdish" failures="0" tests="3" name="Test" time="55.201" errors="0" timestamp="2024-09-23T00:04:41 IST">
  <testcase classname="Test.EntrataTests" name="findProductTest" time="1.04"/>
  <testcase classname="Test.EntrataTests" name="seeHowItWorksTest" time="7.456"/>
  <testcase classname="Test.EntrataTests" name="watchDemo" time="4.274"/>
</testsuite> <!-- Test -->
