<?xml version="1.0" encoding="UTF-8"?>
<testng-results ignored="0" total="3" passed="3" failed="0" skipped="0">
  <reporter-output>
  </reporter-output>
  <suite started-at="2024-09-23T00:03:46 IST" name="Suite" finished-at="2024-09-23T00:04:41 IST" duration-ms="55201">
    <groups>
    </groups>
    <test started-at="2024-09-23T00:03:46 IST" name="Test" finished-at="2024-09-23T00:04:41 IST" duration-ms="55201">
      <class name="Test.EntrataTests">
        <test-method is-config="true" signature="openBrowser()[pri:0, instance:Test.EntrataTests@1165b38]" started-at="2024-09-23T00:03:46 IST" name="openBrowser" finished-at="2024-09-23T00:04:13 IST" duration-ms="27408" status="PASS">
          <reporter-output>
          </reporter-output>
        </test-method> <!-- openBrowser -->
        <test-method signature="findProductTest()[pri:0, instance:Test.EntrataTests@1165b38]" started-at="2024-09-23T00:04:13 IST" name="findProductTest" description="This test validates some of the products" finished-at="2024-09-23T00:04:14 IST" duration-ms="1040" status="PASS">
          <reporter-output>
          </reporter-output>
        </test-method> <!-- findProductTest -->
        <test-method is-config="true" signature="openBrowser()[pri:0, instance:Test.EntrataTests@1165b38]" started-at="2024-09-23T00:04:14 IST" name="openBrowser" finished-at="2024-09-23T00:04:21 IST" duration-ms="7198" status="PASS">
          <reporter-output>
          </reporter-output>
        </test-method> <!-- openBrowser -->
        <test-method signature="seeHowItWorksTest()[pri:0, instance:Test.EntrataTests@1165b38]" started-at="2024-09-23T00:04:21 IST" name="seeHowItWorksTest" description="This test validates how Entrata makes properties more efficient by redirecting to watch video of Entrata webinar" finished-at="2024-09-23T00:04:29 IST" duration-ms="7456" status="PASS">
          <reporter-output>
          </reporter-output>
        </test-method> <!-- seeHowItWorksTest -->
        <test-method is-config="true" signature="openBrowser()[pri:0, instance:Test.EntrataTests@1165b38]" started-at="2024-09-23T00:04:29 IST" name="openBrowser" finished-at="2024-09-23T00:04:37 IST" duration-ms="7788" status="PASS">
          <reporter-output>
          </reporter-output>
        </test-method> <!-- openBrowser -->
        <test-method signature="watchDemo()[pri:0, instance:Test.EntrataTests@1165b38]" started-at="2024-09-23T00:04:37 IST" name="watchDemo" description="This test validates the form submission for watching the demo" finished-at="2024-09-23T00:04:41 IST" duration-ms="4274" status="PASS">
          <reporter-output>
          </reporter-output>
        </test-method> <!-- watchDemo -->
      </class> <!-- Test.EntrataTests -->
    </test> <!-- Test -->
  </suite> <!-- Suite -->
</testng-results>
