<?xml version="1.0" encoding="UTF-8"?>
<!-- Generated by org.testng.reporters.JUnitXMLReporter -->
<testsuite ignored="1" hostname="Jagdish" failures="1" tests="2" name="Default test(failed)" time="2.378" errors="0" timestamp="2022-11-08T11:36:10 IST">
  <testcase classname="Test.Sample1" name="test3" time="1.026">
    <failure type="org.testng.internal.thread.ThreadTimeoutException" message="Method Test.Sample1.test3() didn&amp;apos;t finish within the time-out 1000">
      <![CDATA[org.testng.internal.thread.ThreadTimeoutException: Method Test.Sample1.test3() didn't finish within the time-out 1000
at java.base/java.util.ArrayList.forEach(ArrayList.java:1511)
... Removed 24 stack frames]]>
    </failure>
  </testcase> <!-- test3 -->
  <testcase classname="Test.Sample1" name="test2" time="0.0">
    <skipped/>
  </testcase> <!-- test2 -->
  <testcase classname="Test.Sample1" name="test1" time="0.0">
    <ignored/>
  </testcase> <!-- test1 -->
</testsuite> <!-- Default test(failed) -->
